<?xml version="1.0" encoding="UTF-8"?>
<testsuite xmlns:xsi="http://www.w3.org/2001/XMLSchema-instance" xsi:noNamespaceSchemaLocation="https://maven.apache.org/surefire/maven-surefire-plugin/xsd/surefire-test-report.xsd" name="ApplicationTests" time="0.606" tests="20" errors="0" skipped="0" failures="0">
  <properties>
    <property name="java.specification.version" value="14"/>
    <property name="sun.cpu.isalist" value="amd64"/>
    <property name="sun.jnu.encoding" value="Cp1252"/>
    <property name="java.class.path" value="C:\Users\HP\Downloads\d2h-service\target\test-classes;C:\Users\HP\Downloads\d2h-service\target\classes;C:\Users\HP\.m2\repository\org\junit\jupiter\junit-jupiter-api\5.4.2\junit-jupiter-api-5.4.2.jar;C:\Users\HP\.m2\repository\org\apiguardian\apiguardian-api\1.0.0\apiguardian-api-1.0.0.jar;C:\Users\HP\.m2\repository\org\opentest4j\opentest4j\1.1.1\opentest4j-1.1.1.jar;C:\Users\HP\.m2\repository\org\junit\platform\junit-platform-commons\1.4.2\junit-platform-commons-1.4.2.jar;C:\Users\HP\.m2\repository\org\junit\jupiter\junit-jupiter-engine\5.4.2\junit-jupiter-engine-5.4.2.jar;C:\Users\HP\.m2\repository\org\junit\platform\junit-platform-engine\1.4.2\junit-platform-engine-1.4.2.jar;"/>
    <property name="java.vm.vendor" value="Oracle Corporation"/>
    <property name="sun.arch.data.model" value="64"/>
    <property name="user.variant" value=""/>
    <property name="java.vendor.url" value="https://java.oracle.com/"/>
    <property name="user.timezone" value="Asia/Calcutta"/>
    <property name="os.name" value="Windows 8"/>
    <property name="java.vm.specification.version" value="14"/>
    <property name="sun.java.launcher" value="SUN_STANDARD"/>
    <property name="user.country" value="US"/>
    <property name="sun.boot.library.path" value="C:\Program Files\Java\jdk-14\bin"/>
    <property name="sun.java.command" value="C:\Users\HP\AppData\Local\Temp\surefire12624305963302170735\surefirebooter13780623972064025944.jar C:\Users\HP\AppData\Local\Temp\surefire12624305963302170735 2020-05-15T19-50-56_107-jvmRun1 surefire12536461394406302082tmp surefire_07561896096567688872tmp"/>
    <property name="jdk.debug" value="release"/>
    <property name="surefire.test.class.path" value="C:\Users\HP\Downloads\d2h-service\target\test-classes;C:\Users\HP\Downloads\d2h-service\target\classes;C:\Users\HP\.m2\repository\org\junit\jupiter\junit-jupiter-api\5.4.2\junit-jupiter-api-5.4.2.jar;C:\Users\HP\.m2\repository\org\apiguardian\apiguardian-api\1.0.0\apiguardian-api-1.0.0.jar;C:\Users\HP\.m2\repository\org\opentest4j\opentest4j\1.1.1\opentest4j-1.1.1.jar;C:\Users\HP\.m2\repository\org\junit\platform\junit-platform-commons\1.4.2\junit-platform-commons-1.4.2.jar;C:\Users\HP\.m2\repository\org\junit\jupiter\junit-jupiter-engine\5.4.2\junit-jupiter-engine-5.4.2.jar;C:\Users\HP\.m2\repository\org\junit\platform\junit-platform-engine\1.4.2\junit-platform-engine-1.4.2.jar;"/>
    <property name="sun.cpu.endian" value="little"/>
    <property name="user.home" value="C:\Users\HP"/>
    <property name="user.language" value="en"/>
    <property name="java.specification.vendor" value="Oracle Corporation"/>
    <property name="java.version.date" value="2020-03-17"/>
    <property name="java.home" value="C:\Program Files\Java\jdk-14"/>
    <property name="file.separator" value="\"/>
    <property name="basedir" value="C:\Users\HP\Downloads\d2h-service"/>
    <property name="java.vm.compressedOopsMode" value="32-bit"/>
    <property name="line.separator" value="&#10;"/>
    <property name="java.vm.specification.vendor" value="Oracle Corporation"/>
    <property name="java.specification.name" value="Java Platform API Specification"/>
    <property name="surefire.real.class.path" value="C:\Users\HP\AppData\Local\Temp\surefire12624305963302170735\surefirebooter13780623972064025944.jar"/>
    <property name="user.script" value=""/>
    <property name="sun.management.compiler" value="HotSpot 64-Bit Tiered Compilers"/>
    <property name="java.runtime.version" value="14+36-1461"/>
    <property name="user.name" value="HP"/>
    <property name="path.separator" value=";"/>
    <property name="os.version" value="6.2"/>
    <property name="java.runtime.name" value="Java(TM) SE Runtime Environment"/>
    <property name="file.encoding" value="Cp1252"/>
    <property name="java.vm.name" value="Java HotSpot(TM) 64-Bit Server VM"/>
    <property name="localRepository" value="C:\Users\HP\.m2\repository"/>
    <property name="java.vendor.url.bug" value="https://bugreport.java.com/bugreport/"/>
    <property name="java.io.tmpdir" value="C:\Users\HP\AppData\Local\Temp\"/>
    <property name="java.version" value="14"/>
    <property name="user.dir" value="C:\Users\HP\Downloads\d2h-service"/>
    <property name="os.arch" value="amd64"/>
    <property name="java.vm.specification.name" value="Java Virtual Machine Specification"/>
    <property name="sun.os.patch.level" value=""/>
    <property name="java.library.path" value="C:\Program Files\Java\jdk-14\bin;C:\Windows\Sun\Java\bin;C:\Windows\system32;C:\Windows;C:\Windows\system32;C:\Windows;C:\Windows\System32\Wbem;C:\Windows\System32\WindowsPowerShell\v1.0\;C:\Program Files\nodejs\;C:\Program Files\Java\jdk-14\bin;C:\Users\HP\AppData\Local\Android\Sdk\platform-tools;C:\Program Files\Git\cmd;C:\Users\HP\apache-maven-3.6.3\bin;C:\Users\HP\AppData\Roaming\npm;C:\Users\HP\apache-maven-3.6.3;."/>
    <property name="java.vm.info" value="mixed mode, sharing"/>
    <property name="java.vendor" value="Oracle Corporation"/>
    <property name="java.vm.version" value="14+36-1461"/>
    <property name="sun.io.unicode.encoding" value="UnicodeLittle"/>
    <property name="java.class.version" value="58.0"/>
  </properties>
  <testcase name="viewAllDetailsGold" classname="ApplicationTests" time="0.089"/>
  <testcase name="addChannelWithoutSubscriptionGold" classname="ApplicationTests" time="0.002"/>
  <testcase name="subscribeEnglishWithoutBalance" classname="ApplicationTests" time="0.001"/>
  <testcase name="subscribeEnglishWithBalance" classname="ApplicationTests" time="0.004"/>
  <testcase name="subscribeCooking" classname="ApplicationTests" time="0.001"/>
  <testcase name="addChannelWithSubscription" classname="ApplicationTests" time="0"/>
  <testcase name="checkInitialBalance" classname="ApplicationTests" time="0.001"/>
  <testcase name="viewAllDetailsSilver" classname="ApplicationTests" time="0.003"/>
  <testcase name="subscribeSilverDiscount" classname="ApplicationTests" time="0.003"/>
  <testcase name="addChannelWithoutSubscriptionSilver" classname="ApplicationTests" time="0.024"/>
  <testcase name="showServices" classname="ApplicationTests" time="0.365"/>
  <testcase name="subscribeGoldValid" classname="ApplicationTests" time="0.033"/>
  <testcase name="rechargeInValid" classname="ApplicationTests" time="0.01"/>
  <testcase name="checkInitialBalanceInvalid" classname="ApplicationTests" time="0.005"/>
  <testcase name="checkUpdate" classname="ApplicationTests" time="0.001"/>
  <testcase name="viewAllDetailsSpecial" classname="ApplicationTests" time="0"/>
  <testcase name="addChannelWithoutSubscription" classname="ApplicationTests" time="0"/>
  <testcase name="subscribeSilverValid" classname="ApplicationTests" time="0.022"/>
  <testcase name="subscribeInValidPack" classname="ApplicationTests" time="0.008"/>
  <testcase name="rechargeValid" classname="ApplicationTests" time="0.019"/>
</testsuite>